The system is: Linux - 4.16.6-1-ARCH - x86_64
Compiling the C compiler identification source file "CMakeCCompilerId.c" succeeded.
Compiler: /usr/bin/cc 
Build flags: 
Id flags:  

The output was:
0


Compilation of the C compiler identification source "CMakeCCompilerId.c" produced "a.out"

The C compiler identification is GNU, found in "/home/ulises-jeremias/Projects/Github/Facultad-de-Informatica/Cuarto Año/Sistemas Paralelos/Entregas/Entrega 1/build/CMakeFiles/3.10.3/CompilerIdC/a.out"

Determining if the C compiler works passed with the following output:
Change Dir: /home/ulises-jeremias/Projects/Github/Facultad-de-Informatica/Cuarto Año/Sistemas Paralelos/Entregas/Entrega 1/build/CMakeFiles/CMakeTmp

Run Build Command:"/usr/bin/make" "cmTC_9c3b4/fast"
/usr/bin/make -f CMakeFiles/cmTC_9c3b4.dir/build.make CMakeFiles/cmTC_9c3b4.dir/build
make[1]: Entering directory '/home/ulises-jeremias/Projects/Github/Facultad-de-Informatica/Cuarto Año/Sistemas Paralelos/Entregas/Entrega 1/build/CMakeFiles/CMakeTmp'
Building C object CMakeFiles/cmTC_9c3b4.dir/testCCompiler.c.o
/usr/bin/cc    -o CMakeFiles/cmTC_9c3b4.dir/testCCompiler.c.o   -c "/home/ulises-jeremias/Projects/Github/Facultad-de-Informatica/Cuarto Año/Sistemas Paralelos/Entregas/Entrega 1/build/CMakeFiles/CMakeTmp/testCCompiler.c"
Linking C executable cmTC_9c3b4
/usr/bin/cmake -E cmake_link_script CMakeFiles/cmTC_9c3b4.dir/link.txt --verbose=1
/usr/bin/cc      -rdynamic CMakeFiles/cmTC_9c3b4.dir/testCCompiler.c.o  -o cmTC_9c3b4 
make[1]: Leaving directory '/home/ulises-jeremias/Projects/Github/Facultad-de-Informatica/Cuarto Año/Sistemas Paralelos/Entregas/Entrega 1/build/CMakeFiles/CMakeTmp'


Detecting C compiler ABI info compiled with the following output:
Change Dir: /home/ulises-jeremias/Projects/Github/Facultad-de-Informatica/Cuarto Año/Sistemas Paralelos/Entregas/Entrega 1/build/CMakeFiles/CMakeTmp

Run Build Command:"/usr/bin/make" "cmTC_9f0ec/fast"
/usr/bin/make -f CMakeFiles/cmTC_9f0ec.dir/build.make CMakeFiles/cmTC_9f0ec.dir/build
make[1]: Entering directory '/home/ulises-jeremias/Projects/Github/Facultad-de-Informatica/Cuarto Año/Sistemas Paralelos/Entregas/Entrega 1/build/CMakeFiles/CMakeTmp'
Building C object CMakeFiles/cmTC_9f0ec.dir/CMakeCCompilerABI.c.o
/usr/bin/cc    -o CMakeFiles/cmTC_9f0ec.dir/CMakeCCompilerABI.c.o   -c /usr/share/cmake-3.10/Modules/CMakeCCompilerABI.c
Linking C executable cmTC_9f0ec
/usr/bin/cmake -E cmake_link_script CMakeFiles/cmTC_9f0ec.dir/link.txt --verbose=1
/usr/bin/cc     -v -rdynamic CMakeFiles/cmTC_9f0ec.dir/CMakeCCompilerABI.c.o  -o cmTC_9f0ec 
Using built-in specs.
COLLECT_GCC=/usr/bin/cc
COLLECT_LTO_WRAPPER=/usr/lib/gcc/x86_64-pc-linux-gnu/7.3.1/lto-wrapper
Target: x86_64-pc-linux-gnu
Configured with: /build/gcc/src/gcc/configure --prefix=/usr --libdir=/usr/lib --libexecdir=/usr/lib --mandir=/usr/share/man --infodir=/usr/share/info --with-bugurl=https://bugs.archlinux.org/ --enable-languages=c,c++,ada,fortran,go,lto,objc,obj-c++ --enable-shared --enable-threads=posix --enable-libmpx --with-system-zlib --with-isl --enable-__cxa_atexit --disable-libunwind-exceptions --enable-clocale=gnu --disable-libstdcxx-pch --disable-libssp --enable-gnu-unique-object --enable-linker-build-id --enable-lto --enable-plugin --enable-install-libiberty --with-linker-hash-style=gnu --enable-gnu-indirect-function --enable-multilib --disable-werror --enable-checking=release --enable-default-pie --enable-default-ssp
Thread model: posix
gcc version 7.3.1 20180406 (GCC) 
COMPILER_PATH=/usr/lib/gcc/x86_64-pc-linux-gnu/7.3.1/:/usr/lib/gcc/x86_64-pc-linux-gnu/7.3.1/:/usr/lib/gcc/x86_64-pc-linux-gnu/:/usr/lib/gcc/x86_64-pc-linux-gnu/7.3.1/:/usr/lib/gcc/x86_64-pc-linux-gnu/
LIBRARY_PATH=/usr/lib/gcc/x86_64-pc-linux-gnu/7.3.1/:/usr/lib/gcc/x86_64-pc-linux-gnu/7.3.1/../../../../lib/:/lib/../lib/:/usr/lib/../lib/:/usr/lib/gcc/x86_64-pc-linux-gnu/7.3.1/../../../:/lib/:/usr/lib/
COLLECT_GCC_OPTIONS='-v' '-rdynamic' '-o' 'cmTC_9f0ec' '-mtune=generic' '-march=x86-64'
 /usr/lib/gcc/x86_64-pc-linux-gnu/7.3.1/collect2 -plugin /usr/lib/gcc/x86_64-pc-linux-gnu/7.3.1/liblto_plugin.so -plugin-opt=/usr/lib/gcc/x86_64-pc-linux-gnu/7.3.1/lto-wrapper -plugin-opt=-fresolution=/tmp/ccETHXEk.res -plugin-opt=-pass-through=-lgcc -plugin-opt=-pass-through=-lgcc_s -plugin-opt=-pass-through=-lc -plugin-opt=-pass-through=-lgcc -plugin-opt=-pass-through=-lgcc_s --build-id --eh-frame-hdr --hash-style=gnu -m elf_x86_64 -export-dynamic -dynamic-linker /lib64/ld-linux-x86-64.so.2 -pie -o cmTC_9f0ec /usr/lib/gcc/x86_64-pc-linux-gnu/7.3.1/../../../../lib/Scrt1.o /usr/lib/gcc/x86_64-pc-linux-gnu/7.3.1/../../../../lib/crti.o /usr/lib/gcc/x86_64-pc-linux-gnu/7.3.1/crtbeginS.o -L/usr/lib/gcc/x86_64-pc-linux-gnu/7.3.1 -L/usr/lib/gcc/x86_64-pc-linux-gnu/7.3.1/../../../../lib -L/lib/../lib -L/usr/lib/../lib -L/usr/lib/gcc/x86_64-pc-linux-gnu/7.3.1/../../.. CMakeFiles/cmTC_9f0ec.dir/CMakeCCompilerABI.c.o -lgcc --as-needed -lgcc_s --no-as-needed -lc -lgcc --as-needed -lgcc_s --no-as-needed /usr/lib/gcc/x86_64-pc-linux-gnu/7.3.1/crtendS.o /usr/lib/gcc/x86_64-pc-linux-gnu/7.3.1/../../../../lib/crtn.o
COLLECT_GCC_OPTIONS='-v' '-rdynamic' '-o' 'cmTC_9f0ec' '-mtune=generic' '-march=x86-64'
make[1]: Leaving directory '/home/ulises-jeremias/Projects/Github/Facultad-de-Informatica/Cuarto Año/Sistemas Paralelos/Entregas/Entrega 1/build/CMakeFiles/CMakeTmp'


Parsed C implicit link information from above output:
  link line regex: [^( *|.*[/\])(ld|CMAKE_LINK_STARTFILE-NOTFOUND|([^/\]+-)?ld|collect2)[^/\]*( |$)]
  ignore line: [Change Dir: /home/ulises-jeremias/Projects/Github/Facultad-de-Informatica/Cuarto Año/Sistemas Paralelos/Entregas/Entrega 1/build/CMakeFiles/CMakeTmp]
  ignore line: []
  ignore line: [Run Build Command:"/usr/bin/make" "cmTC_9f0ec/fast"]
  ignore line: [/usr/bin/make -f CMakeFiles/cmTC_9f0ec.dir/build.make CMakeFiles/cmTC_9f0ec.dir/build]
  ignore line: [make[1]: Entering directory '/home/ulises-jeremias/Projects/Github/Facultad-de-Informatica/Cuarto Año/Sistemas Paralelos/Entregas/Entrega 1/build/CMakeFiles/CMakeTmp']
  ignore line: [Building C object CMakeFiles/cmTC_9f0ec.dir/CMakeCCompilerABI.c.o]
  ignore line: [/usr/bin/cc    -o CMakeFiles/cmTC_9f0ec.dir/CMakeCCompilerABI.c.o   -c /usr/share/cmake-3.10/Modules/CMakeCCompilerABI.c]
  ignore line: [Linking C executable cmTC_9f0ec]
  ignore line: [/usr/bin/cmake -E cmake_link_script CMakeFiles/cmTC_9f0ec.dir/link.txt --verbose=1]
  ignore line: [/usr/bin/cc     -v -rdynamic CMakeFiles/cmTC_9f0ec.dir/CMakeCCompilerABI.c.o  -o cmTC_9f0ec ]
  ignore line: [Using built-in specs.]
  ignore line: [COLLECT_GCC=/usr/bin/cc]
  ignore line: [COLLECT_LTO_WRAPPER=/usr/lib/gcc/x86_64-pc-linux-gnu/7.3.1/lto-wrapper]
  ignore line: [Target: x86_64-pc-linux-gnu]
  ignore line: [Configured with: /build/gcc/src/gcc/configure --prefix=/usr --libdir=/usr/lib --libexecdir=/usr/lib --mandir=/usr/share/man --infodir=/usr/share/info --with-bugurl=https://bugs.archlinux.org/ --enable-languages=c,c++,ada,fortran,go,lto,objc,obj-c++ --enable-shared --enable-threads=posix --enable-libmpx --with-system-zlib --with-isl --enable-__cxa_atexit --disable-libunwind-exceptions --enable-clocale=gnu --disable-libstdcxx-pch --disable-libssp --enable-gnu-unique-object --enable-linker-build-id --enable-lto --enable-plugin --enable-install-libiberty --with-linker-hash-style=gnu --enable-gnu-indirect-function --enable-multilib --disable-werror --enable-checking=release --enable-default-pie --enable-default-ssp]
  ignore line: [Thread model: posix]
  ignore line: [gcc version 7.3.1 20180406 (GCC) ]
  ignore line: [COMPILER_PATH=/usr/lib/gcc/x86_64-pc-linux-gnu/7.3.1/:/usr/lib/gcc/x86_64-pc-linux-gnu/7.3.1/:/usr/lib/gcc/x86_64-pc-linux-gnu/:/usr/lib/gcc/x86_64-pc-linux-gnu/7.3.1/:/usr/lib/gcc/x86_64-pc-linux-gnu/]
  ignore line: [LIBRARY_PATH=/usr/lib/gcc/x86_64-pc-linux-gnu/7.3.1/:/usr/lib/gcc/x86_64-pc-linux-gnu/7.3.1/../../../../lib/:/lib/../lib/:/usr/lib/../lib/:/usr/lib/gcc/x86_64-pc-linux-gnu/7.3.1/../../../:/lib/:/usr/lib/]
  ignore line: [COLLECT_GCC_OPTIONS='-v' '-rdynamic' '-o' 'cmTC_9f0ec' '-mtune=generic' '-march=x86-64']
  link line: [ /usr/lib/gcc/x86_64-pc-linux-gnu/7.3.1/collect2 -plugin /usr/lib/gcc/x86_64-pc-linux-gnu/7.3.1/liblto_plugin.so -plugin-opt=/usr/lib/gcc/x86_64-pc-linux-gnu/7.3.1/lto-wrapper -plugin-opt=-fresolution=/tmp/ccETHXEk.res -plugin-opt=-pass-through=-lgcc -plugin-opt=-pass-through=-lgcc_s -plugin-opt=-pass-through=-lc -plugin-opt=-pass-through=-lgcc -plugin-opt=-pass-through=-lgcc_s --build-id --eh-frame-hdr --hash-style=gnu -m elf_x86_64 -export-dynamic -dynamic-linker /lib64/ld-linux-x86-64.so.2 -pie -o cmTC_9f0ec /usr/lib/gcc/x86_64-pc-linux-gnu/7.3.1/../../../../lib/Scrt1.o /usr/lib/gcc/x86_64-pc-linux-gnu/7.3.1/../../../../lib/crti.o /usr/lib/gcc/x86_64-pc-linux-gnu/7.3.1/crtbeginS.o -L/usr/lib/gcc/x86_64-pc-linux-gnu/7.3.1 -L/usr/lib/gcc/x86_64-pc-linux-gnu/7.3.1/../../../../lib -L/lib/../lib -L/usr/lib/../lib -L/usr/lib/gcc/x86_64-pc-linux-gnu/7.3.1/../../.. CMakeFiles/cmTC_9f0ec.dir/CMakeCCompilerABI.c.o -lgcc --as-needed -lgcc_s --no-as-needed -lc -lgcc --as-needed -lgcc_s --no-as-needed /usr/lib/gcc/x86_64-pc-linux-gnu/7.3.1/crtendS.o /usr/lib/gcc/x86_64-pc-linux-gnu/7.3.1/../../../../lib/crtn.o]
    arg [/usr/lib/gcc/x86_64-pc-linux-gnu/7.3.1/collect2] ==> ignore
    arg [-plugin] ==> ignore
    arg [/usr/lib/gcc/x86_64-pc-linux-gnu/7.3.1/liblto_plugin.so] ==> ignore
    arg [-plugin-opt=/usr/lib/gcc/x86_64-pc-linux-gnu/7.3.1/lto-wrapper] ==> ignore
    arg [-plugin-opt=-fresolution=/tmp/ccETHXEk.res] ==> ignore
    arg [-plugin-opt=-pass-through=-lgcc] ==> ignore
    arg [-plugin-opt=-pass-through=-lgcc_s] ==> ignore
    arg [-plugin-opt=-pass-through=-lc] ==> ignore
    arg [-plugin-opt=-pass-through=-lgcc] ==> ignore
    arg [-plugin-opt=-pass-through=-lgcc_s] ==> ignore
    arg [--build-id] ==> ignore
    arg [--eh-frame-hdr] ==> ignore
    arg [--hash-style=gnu] ==> ignore
    arg [-m] ==> ignore
    arg [elf_x86_64] ==> ignore
    arg [-export-dynamic] ==> ignore
    arg [-dynamic-linker] ==> ignore
    arg [/lib64/ld-linux-x86-64.so.2] ==> ignore
    arg [-pie] ==> ignore
    arg [-o] ==> ignore
    arg [cmTC_9f0ec] ==> ignore
    arg [/usr/lib/gcc/x86_64-pc-linux-gnu/7.3.1/../../../../lib/Scrt1.o] ==> ignore
    arg [/usr/lib/gcc/x86_64-pc-linux-gnu/7.3.1/../../../../lib/crti.o] ==> ignore
    arg [/usr/lib/gcc/x86_64-pc-linux-gnu/7.3.1/crtbeginS.o] ==> ignore
    arg [-L/usr/lib/gcc/x86_64-pc-linux-gnu/7.3.1] ==> dir [/usr/lib/gcc/x86_64-pc-linux-gnu/7.3.1]
    arg [-L/usr/lib/gcc/x86_64-pc-linux-gnu/7.3.1/../../../../lib] ==> dir [/usr/lib/gcc/x86_64-pc-linux-gnu/7.3.1/../../../../lib]
    arg [-L/lib/../lib] ==> dir [/lib/../lib]
    arg [-L/usr/lib/../lib] ==> dir [/usr/lib/../lib]
    arg [-L/usr/lib/gcc/x86_64-pc-linux-gnu/7.3.1/../../..] ==> dir [/usr/lib/gcc/x86_64-pc-linux-gnu/7.3.1/../../..]
    arg [CMakeFiles/cmTC_9f0ec.dir/CMakeCCompilerABI.c.o] ==> ignore
    arg [-lgcc] ==> lib [gcc]
    arg [--as-needed] ==> ignore
    arg [-lgcc_s] ==> lib [gcc_s]
    arg [--no-as-needed] ==> ignore
    arg [-lc] ==> lib [c]
    arg [-lgcc] ==> lib [gcc]
    arg [--as-needed] ==> ignore
    arg [-lgcc_s] ==> lib [gcc_s]
    arg [--no-as-needed] ==> ignore
    arg [/usr/lib/gcc/x86_64-pc-linux-gnu/7.3.1/crtendS.o] ==> ignore
    arg [/usr/lib/gcc/x86_64-pc-linux-gnu/7.3.1/../../../../lib/crtn.o] ==> ignore
  collapse library dir [/usr/lib/gcc/x86_64-pc-linux-gnu/7.3.1] ==> [/usr/lib/gcc/x86_64-pc-linux-gnu/7.3.1]
  collapse library dir [/usr/lib/gcc/x86_64-pc-linux-gnu/7.3.1/../../../../lib] ==> [/usr/lib]
  collapse library dir [/lib/../lib] ==> [/lib]
  collapse library dir [/usr/lib/../lib] ==> [/usr/lib]
  collapse library dir [/usr/lib/gcc/x86_64-pc-linux-gnu/7.3.1/../../..] ==> [/usr/lib]
  implicit libs: [gcc;gcc_s;c;gcc;gcc_s]
  implicit dirs: [/usr/lib/gcc/x86_64-pc-linux-gnu/7.3.1;/usr/lib;/lib]
  implicit fwks: []




Detecting C [-std=c11] compiler features compiled with the following output:
Change Dir: /home/ulises-jeremias/Projects/Github/Facultad-de-Informatica/Cuarto Año/Sistemas Paralelos/Entregas/Entrega 1/build/CMakeFiles/CMakeTmp

Run Build Command:"/usr/bin/make" "cmTC_9e8d8/fast"
/usr/bin/make -f CMakeFiles/cmTC_9e8d8.dir/build.make CMakeFiles/cmTC_9e8d8.dir/build
make[1]: Entering directory '/home/ulises-jeremias/Projects/Github/Facultad-de-Informatica/Cuarto Año/Sistemas Paralelos/Entregas/Entrega 1/build/CMakeFiles/CMakeTmp'
Building C object CMakeFiles/cmTC_9e8d8.dir/feature_tests.c.o
/usr/bin/cc   -std=c11 -o CMakeFiles/cmTC_9e8d8.dir/feature_tests.c.o   -c "/home/ulises-jeremias/Projects/Github/Facultad-de-Informatica/Cuarto Año/Sistemas Paralelos/Entregas/Entrega 1/build/CMakeFiles/feature_tests.c"
Linking C executable cmTC_9e8d8
/usr/bin/cmake -E cmake_link_script CMakeFiles/cmTC_9e8d8.dir/link.txt --verbose=1
/usr/bin/cc      -rdynamic CMakeFiles/cmTC_9e8d8.dir/feature_tests.c.o  -o cmTC_9e8d8 
make[1]: Leaving directory '/home/ulises-jeremias/Projects/Github/Facultad-de-Informatica/Cuarto Año/Sistemas Paralelos/Entregas/Entrega 1/build/CMakeFiles/CMakeTmp'


    Feature record: C_FEATURE:1c_function_prototypes
    Feature record: C_FEATURE:1c_restrict
    Feature record: C_FEATURE:1c_static_assert
    Feature record: C_FEATURE:1c_variadic_macros


Detecting C [-std=c99] compiler features compiled with the following output:
Change Dir: /home/ulises-jeremias/Projects/Github/Facultad-de-Informatica/Cuarto Año/Sistemas Paralelos/Entregas/Entrega 1/build/CMakeFiles/CMakeTmp

Run Build Command:"/usr/bin/make" "cmTC_97580/fast"
/usr/bin/make -f CMakeFiles/cmTC_97580.dir/build.make CMakeFiles/cmTC_97580.dir/build
make[1]: Entering directory '/home/ulises-jeremias/Projects/Github/Facultad-de-Informatica/Cuarto Año/Sistemas Paralelos/Entregas/Entrega 1/build/CMakeFiles/CMakeTmp'
Building C object CMakeFiles/cmTC_97580.dir/feature_tests.c.o
/usr/bin/cc   -std=c99 -o CMakeFiles/cmTC_97580.dir/feature_tests.c.o   -c "/home/ulises-jeremias/Projects/Github/Facultad-de-Informatica/Cuarto Año/Sistemas Paralelos/Entregas/Entrega 1/build/CMakeFiles/feature_tests.c"
Linking C executable cmTC_97580
/usr/bin/cmake -E cmake_link_script CMakeFiles/cmTC_97580.dir/link.txt --verbose=1
/usr/bin/cc      -rdynamic CMakeFiles/cmTC_97580.dir/feature_tests.c.o  -o cmTC_97580 
make[1]: Leaving directory '/home/ulises-jeremias/Projects/Github/Facultad-de-Informatica/Cuarto Año/Sistemas Paralelos/Entregas/Entrega 1/build/CMakeFiles/CMakeTmp'


    Feature record: C_FEATURE:1c_function_prototypes
    Feature record: C_FEATURE:1c_restrict
    Feature record: C_FEATURE:0c_static_assert
    Feature record: C_FEATURE:1c_variadic_macros


Detecting C [-std=c90] compiler features compiled with the following output:
Change Dir: /home/ulises-jeremias/Projects/Github/Facultad-de-Informatica/Cuarto Año/Sistemas Paralelos/Entregas/Entrega 1/build/CMakeFiles/CMakeTmp

Run Build Command:"/usr/bin/make" "cmTC_4c94b/fast"
/usr/bin/make -f CMakeFiles/cmTC_4c94b.dir/build.make CMakeFiles/cmTC_4c94b.dir/build
make[1]: Entering directory '/home/ulises-jeremias/Projects/Github/Facultad-de-Informatica/Cuarto Año/Sistemas Paralelos/Entregas/Entrega 1/build/CMakeFiles/CMakeTmp'
Building C object CMakeFiles/cmTC_4c94b.dir/feature_tests.c.o
/usr/bin/cc   -std=c90 -o CMakeFiles/cmTC_4c94b.dir/feature_tests.c.o   -c "/home/ulises-jeremias/Projects/Github/Facultad-de-Informatica/Cuarto Año/Sistemas Paralelos/Entregas/Entrega 1/build/CMakeFiles/feature_tests.c"
Linking C executable cmTC_4c94b
/usr/bin/cmake -E cmake_link_script CMakeFiles/cmTC_4c94b.dir/link.txt --verbose=1
/usr/bin/cc      -rdynamic CMakeFiles/cmTC_4c94b.dir/feature_tests.c.o  -o cmTC_4c94b 
make[1]: Leaving directory '/home/ulises-jeremias/Projects/Github/Facultad-de-Informatica/Cuarto Año/Sistemas Paralelos/Entregas/Entrega 1/build/CMakeFiles/CMakeTmp'


    Feature record: C_FEATURE:1c_function_prototypes
    Feature record: C_FEATURE:0c_restrict
    Feature record: C_FEATURE:0c_static_assert
    Feature record: C_FEATURE:0c_variadic_macros
Detecting C OpenMP compiler ABI info compiled with the following output:
Change Dir: /home/ulises-jeremias/Projects/Github/Facultad-de-Informatica/Cuarto Año/Sistemas Paralelos/Entregas/Entrega 1/build/CMakeFiles/CMakeTmp

Run Build Command:"/usr/bin/make" "cmTC_ad8d1/fast"
/usr/bin/make -f CMakeFiles/cmTC_ad8d1.dir/build.make CMakeFiles/cmTC_ad8d1.dir/build
make[1]: Entering directory '/home/ulises-jeremias/Projects/Github/Facultad-de-Informatica/Cuarto Año/Sistemas Paralelos/Entregas/Entrega 1/build/CMakeFiles/CMakeTmp'
Building C object CMakeFiles/cmTC_ad8d1.dir/OpenMPTryFlag.c.o
/usr/bin/cc   -Wextra -Wall -Wundef -Wpointer-arith -Werror -Wcast-qual -Wcast-align -Wno-missing-braces -Wtrampolines -Wunsafe-loop-optimizations -fopenmp -v   -o CMakeFiles/cmTC_ad8d1.dir/OpenMPTryFlag.c.o   -c "/home/ulises-jeremias/Projects/Github/Facultad-de-Informatica/Cuarto Año/Sistemas Paralelos/Entregas/Entrega 1/build/CMakeFiles/FindOpenMP/OpenMPTryFlag.c"
Using built-in specs.
COLLECT_GCC=/usr/bin/cc
Target: x86_64-pc-linux-gnu
Configured with: /build/gcc/src/gcc/configure --prefix=/usr --libdir=/usr/lib --libexecdir=/usr/lib --mandir=/usr/share/man --infodir=/usr/share/info --with-bugurl=https://bugs.archlinux.org/ --enable-languages=c,c++,ada,fortran,go,lto,objc,obj-c++ --enable-shared --enable-threads=posix --enable-libmpx --with-system-zlib --with-isl --enable-__cxa_atexit --disable-libunwind-exceptions --enable-clocale=gnu --disable-libstdcxx-pch --disable-libssp --enable-gnu-unique-object --enable-linker-build-id --enable-lto --enable-plugin --enable-install-libiberty --with-linker-hash-style=gnu --enable-gnu-indirect-function --enable-multilib --disable-werror --enable-checking=release --enable-default-pie --enable-default-ssp
Thread model: posix
gcc version 7.3.1 20180406 (GCC) 
COLLECT_GCC_OPTIONS='-Wextra' '-Wall' '-Wundef' '-Wpointer-arith' '-Werror' '-Wcast-qual' '-Wcast-align' '-Wno-missing-braces' '-Wtrampolines' '-Wunsafe-loop-optimizations' '-fopenmp' '-v' '-o' 'CMakeFiles/cmTC_ad8d1.dir/OpenMPTryFlag.c.o' '-c' '-mtune=generic' '-march=x86-64' '-pthread'
 /usr/lib/gcc/x86_64-pc-linux-gnu/7.3.1/cc1 -quiet -v -D_REENTRANT /home/ulises-jeremias/Projects/Github/Facultad-de-Informatica/Cuarto Año/Sistemas Paralelos/Entregas/Entrega 1/build/CMakeFiles/FindOpenMP/OpenMPTryFlag.c -quiet -dumpbase OpenMPTryFlag.c -mtune=generic -march=x86-64 -auxbase-strip CMakeFiles/cmTC_ad8d1.dir/OpenMPTryFlag.c.o -Wextra -Wall -Wundef -Wpointer-arith -Werror -Wcast-qual -Wcast-align -Wno-missing-braces -Wtrampolines -Wunsafe-loop-optimizations -version -fopenmp -o /tmp/ccek63dG.s
GNU C11 (GCC) version 7.3.1 20180406 (x86_64-pc-linux-gnu)
	compiled by GNU C version 7.3.1 20180406, GMP version 6.1.2, MPFR version 4.0.1, MPC version 1.1.0, isl version isl-0.18-GMP

GGC heuristics: --param ggc-min-expand=100 --param ggc-min-heapsize=131072
ignoring nonexistent directory "/usr/lib/gcc/x86_64-pc-linux-gnu/7.3.1/../../../../x86_64-pc-linux-gnu/include"
#include "..." search starts here:
#include <...> search starts here:
 /usr/lib/gcc/x86_64-pc-linux-gnu/7.3.1/include
 /usr/local/include
 /usr/lib/gcc/x86_64-pc-linux-gnu/7.3.1/include-fixed
 /usr/include
End of search list.
GNU C11 (GCC) version 7.3.1 20180406 (x86_64-pc-linux-gnu)
	compiled by GNU C version 7.3.1 20180406, GMP version 6.1.2, MPFR version 4.0.1, MPC version 1.1.0, isl version isl-0.18-GMP

GGC heuristics: --param ggc-min-expand=100 --param ggc-min-heapsize=131072
Compiler executable checksum: ed08e92ff081897949a4f3ea2ed8eafa
COLLECT_GCC_OPTIONS='-Wextra' '-Wall' '-Wundef' '-Wpointer-arith' '-Werror' '-Wcast-qual' '-Wcast-align' '-Wno-missing-braces' '-Wtrampolines' '-Wunsafe-loop-optimizations' '-fopenmp' '-v' '-o' 'CMakeFiles/cmTC_ad8d1.dir/OpenMPTryFlag.c.o' '-c' '-mtune=generic' '-march=x86-64' '-pthread'
 as -v --64 -o CMakeFiles/cmTC_ad8d1.dir/OpenMPTryFlag.c.o /tmp/ccek63dG.s
GNU assembler version 2.30 (x86_64-pc-linux-gnu) using BFD version (GNU Binutils) 2.30
COMPILER_PATH=/usr/lib/gcc/x86_64-pc-linux-gnu/7.3.1/:/usr/lib/gcc/x86_64-pc-linux-gnu/7.3.1/:/usr/lib/gcc/x86_64-pc-linux-gnu/:/usr/lib/gcc/x86_64-pc-linux-gnu/7.3.1/:/usr/lib/gcc/x86_64-pc-linux-gnu/
LIBRARY_PATH=/usr/lib/gcc/x86_64-pc-linux-gnu/7.3.1/:/usr/lib/gcc/x86_64-pc-linux-gnu/7.3.1/../../../../lib/:/lib/../lib/:/usr/lib/../lib/:/usr/lib/gcc/x86_64-pc-linux-gnu/7.3.1/../../../:/lib/:/usr/lib/
COLLECT_GCC_OPTIONS='-Wextra' '-Wall' '-Wundef' '-Wpointer-arith' '-Werror' '-Wcast-qual' '-Wcast-align' '-Wno-missing-braces' '-Wtrampolines' '-Wunsafe-loop-optimizations' '-fopenmp' '-v' '-o' 'CMakeFiles/cmTC_ad8d1.dir/OpenMPTryFlag.c.o' '-c' '-mtune=generic' '-march=x86-64' '-pthread'
Linking C executable cmTC_ad8d1
/usr/bin/cmake -E cmake_link_script CMakeFiles/cmTC_ad8d1.dir/link.txt --verbose=1
/usr/bin/cc  -Wextra -Wall -Wundef -Wpointer-arith -Werror -Wcast-qual -Wcast-align -Wno-missing-braces -Wtrampolines -Wunsafe-loop-optimizations -fopenmp -v    -rdynamic CMakeFiles/cmTC_ad8d1.dir/OpenMPTryFlag.c.o  -o cmTC_ad8d1 -v 
Using built-in specs.
COLLECT_GCC=/usr/bin/cc
COLLECT_LTO_WRAPPER=/usr/lib/gcc/x86_64-pc-linux-gnu/7.3.1/lto-wrapper
Target: x86_64-pc-linux-gnu
Configured with: /build/gcc/src/gcc/configure --prefix=/usr --libdir=/usr/lib --libexecdir=/usr/lib --mandir=/usr/share/man --infodir=/usr/share/info --with-bugurl=https://bugs.archlinux.org/ --enable-languages=c,c++,ada,fortran,go,lto,objc,obj-c++ --enable-shared --enable-threads=posix --enable-libmpx --with-system-zlib --with-isl --enable-__cxa_atexit --disable-libunwind-exceptions --enable-clocale=gnu --disable-libstdcxx-pch --disable-libssp --enable-gnu-unique-object --enable-linker-build-id --enable-lto --enable-plugin --enable-install-libiberty --with-linker-hash-style=gnu --enable-gnu-indirect-function --enable-multilib --disable-werror --enable-checking=release --enable-default-pie --enable-default-ssp
Thread model: posix
gcc version 7.3.1 20180406 (GCC) 
COMPILER_PATH=/usr/lib/gcc/x86_64-pc-linux-gnu/7.3.1/:/usr/lib/gcc/x86_64-pc-linux-gnu/7.3.1/:/usr/lib/gcc/x86_64-pc-linux-gnu/:/usr/lib/gcc/x86_64-pc-linux-gnu/7.3.1/:/usr/lib/gcc/x86_64-pc-linux-gnu/
LIBRARY_PATH=/usr/lib/gcc/x86_64-pc-linux-gnu/7.3.1/:/usr/lib/gcc/x86_64-pc-linux-gnu/7.3.1/../../../../lib/:/lib/../lib/:/usr/lib/../lib/:/usr/lib/gcc/x86_64-pc-linux-gnu/7.3.1/../../../:/lib/:/usr/lib/
Reading specs from /usr/lib/gcc/x86_64-pc-linux-gnu/7.3.1/../../../../lib/libgomp.spec
COLLECT_GCC_OPTIONS='-Wextra' '-Wall' '-Wundef' '-Wpointer-arith' '-Werror' '-Wcast-qual' '-Wcast-align' '-Wno-missing-braces' '-Wtrampolines' '-Wunsafe-loop-optimizations' '-fopenmp' '-v' '-rdynamic' '-o' 'cmTC_ad8d1' '-v' '-mtune=generic' '-march=x86-64' '-pthread'
 /usr/lib/gcc/x86_64-pc-linux-gnu/7.3.1/collect2 -plugin /usr/lib/gcc/x86_64-pc-linux-gnu/7.3.1/liblto_plugin.so -plugin-opt=/usr/lib/gcc/x86_64-pc-linux-gnu/7.3.1/lto-wrapper -plugin-opt=-fresolution=/tmp/ccle6pMH.res -plugin-opt=-pass-through=-lgcc -plugin-opt=-pass-through=-lgcc_s -plugin-opt=-pass-through=-lpthread -plugin-opt=-pass-through=-lc -plugin-opt=-pass-through=-lgcc -plugin-opt=-pass-through=-lgcc_s --build-id --eh-frame-hdr --hash-style=gnu -m elf_x86_64 -export-dynamic -dynamic-linker /lib64/ld-linux-x86-64.so.2 -pie -o cmTC_ad8d1 /usr/lib/gcc/x86_64-pc-linux-gnu/7.3.1/../../../../lib/Scrt1.o /usr/lib/gcc/x86_64-pc-linux-gnu/7.3.1/../../../../lib/crti.o /usr/lib/gcc/x86_64-pc-linux-gnu/7.3.1/crtbeginS.o -L/usr/lib/gcc/x86_64-pc-linux-gnu/7.3.1 -L/usr/lib/gcc/x86_64-pc-linux-gnu/7.3.1/../../../../lib -L/lib/../lib -L/usr/lib/../lib -L/usr/lib/gcc/x86_64-pc-linux-gnu/7.3.1/../../.. CMakeFiles/cmTC_ad8d1.dir/OpenMPTryFlag.c.o -lgomp -lgcc --as-needed -lgcc_s --no-as-needed -lpthread -lc -lgcc --as-needed -lgcc_s --no-as-needed /usr/lib/gcc/x86_64-pc-linux-gnu/7.3.1/crtendS.o /usr/lib/gcc/x86_64-pc-linux-gnu/7.3.1/../../../../lib/crtn.o
COLLECT_GCC_OPTIONS='-Wextra' '-Wall' '-Wundef' '-Wpointer-arith' '-Werror' '-Wcast-qual' '-Wcast-align' '-Wno-missing-braces' '-Wtrampolines' '-Wunsafe-loop-optimizations' '-fopenmp' '-v' '-rdynamic' '-o' 'cmTC_ad8d1' '-v' '-mtune=generic' '-march=x86-64' '-pthread'
make[1]: Leaving directory '/home/ulises-jeremias/Projects/Github/Facultad-de-Informatica/Cuarto Año/Sistemas Paralelos/Entregas/Entrega 1/build/CMakeFiles/CMakeTmp'


Parsed C OpenMP implicit link information from above output:
  link line regex: [^( *|.*[/\])(ld|CMAKE_LINK_STARTFILE-NOTFOUND|([^/\]+-)?ld|collect2)[^/\]*( |$)]
  ignore line: [Change Dir: /home/ulises-jeremias/Projects/Github/Facultad-de-Informatica/Cuarto Año/Sistemas Paralelos/Entregas/Entrega 1/build/CMakeFiles/CMakeTmp]
  ignore line: []
  ignore line: [Run Build Command:"/usr/bin/make" "cmTC_ad8d1/fast"]
  ignore line: [/usr/bin/make -f CMakeFiles/cmTC_ad8d1.dir/build.make CMakeFiles/cmTC_ad8d1.dir/build]
  ignore line: [make[1]: Entering directory '/home/ulises-jeremias/Projects/Github/Facultad-de-Informatica/Cuarto Año/Sistemas Paralelos/Entregas/Entrega 1/build/CMakeFiles/CMakeTmp']
  ignore line: [Building C object CMakeFiles/cmTC_ad8d1.dir/OpenMPTryFlag.c.o]
  ignore line: [/usr/bin/cc   -Wextra -Wall -Wundef -Wpointer-arith -Werror -Wcast-qual -Wcast-align -Wno-missing-braces -Wtrampolines -Wunsafe-loop-optimizations -fopenmp -v   -o CMakeFiles/cmTC_ad8d1.dir/OpenMPTryFlag.c.o   -c "/home/ulises-jeremias/Projects/Github/Facultad-de-Informatica/Cuarto Año/Sistemas Paralelos/Entregas/Entrega 1/build/CMakeFiles/FindOpenMP/OpenMPTryFlag.c"]
  ignore line: [Using built-in specs.]
  ignore line: [COLLECT_GCC=/usr/bin/cc]
  ignore line: [Target: x86_64-pc-linux-gnu]
  ignore line: [Configured with: /build/gcc/src/gcc/configure --prefix=/usr --libdir=/usr/lib --libexecdir=/usr/lib --mandir=/usr/share/man --infodir=/usr/share/info --with-bugurl=https://bugs.archlinux.org/ --enable-languages=c,c++,ada,fortran,go,lto,objc,obj-c++ --enable-shared --enable-threads=posix --enable-libmpx --with-system-zlib --with-isl --enable-__cxa_atexit --disable-libunwind-exceptions --enable-clocale=gnu --disable-libstdcxx-pch --disable-libssp --enable-gnu-unique-object --enable-linker-build-id --enable-lto --enable-plugin --enable-install-libiberty --with-linker-hash-style=gnu --enable-gnu-indirect-function --enable-multilib --disable-werror --enable-checking=release --enable-default-pie --enable-default-ssp]
  ignore line: [Thread model: posix]
  ignore line: [gcc version 7.3.1 20180406 (GCC) ]
  ignore line: [COLLECT_GCC_OPTIONS='-Wextra' '-Wall' '-Wundef' '-Wpointer-arith' '-Werror' '-Wcast-qual' '-Wcast-align' '-Wno-missing-braces' '-Wtrampolines' '-Wunsafe-loop-optimizations' '-fopenmp' '-v' '-o' 'CMakeFiles/cmTC_ad8d1.dir/OpenMPTryFlag.c.o' '-c' '-mtune=generic' '-march=x86-64' '-pthread']
  ignore line: [ /usr/lib/gcc/x86_64-pc-linux-gnu/7.3.1/cc1 -quiet -v -D_REENTRANT /home/ulises-jeremias/Projects/Github/Facultad-de-Informatica/Cuarto Año/Sistemas Paralelos/Entregas/Entrega 1/build/CMakeFiles/FindOpenMP/OpenMPTryFlag.c -quiet -dumpbase OpenMPTryFlag.c -mtune=generic -march=x86-64 -auxbase-strip CMakeFiles/cmTC_ad8d1.dir/OpenMPTryFlag.c.o -Wextra -Wall -Wundef -Wpointer-arith -Werror -Wcast-qual -Wcast-align -Wno-missing-braces -Wtrampolines -Wunsafe-loop-optimizations -version -fopenmp -o /tmp/ccek63dG.s]
  ignore line: [GNU C11 (GCC) version 7.3.1 20180406 (x86_64-pc-linux-gnu)]
  ignore line: [	compiled by GNU C version 7.3.1 20180406, GMP version 6.1.2, MPFR version 4.0.1, MPC version 1.1.0, isl version isl-0.18-GMP]
  ignore line: []
  ignore line: [GGC heuristics: --param ggc-min-expand=100 --param ggc-min-heapsize=131072]
  ignore line: [ignoring nonexistent directory "/usr/lib/gcc/x86_64-pc-linux-gnu/7.3.1/../../../../x86_64-pc-linux-gnu/include"]
  ignore line: [#include "..." search starts here:]
  ignore line: [#include <...> search starts here:]
  ignore line: [ /usr/lib/gcc/x86_64-pc-linux-gnu/7.3.1/include]
  ignore line: [ /usr/local/include]
  ignore line: [ /usr/lib/gcc/x86_64-pc-linux-gnu/7.3.1/include-fixed]
  ignore line: [ /usr/include]
  ignore line: [End of search list.]
  ignore line: [GNU C11 (GCC) version 7.3.1 20180406 (x86_64-pc-linux-gnu)]
  ignore line: [	compiled by GNU C version 7.3.1 20180406, GMP version 6.1.2, MPFR version 4.0.1, MPC version 1.1.0, isl version isl-0.18-GMP]
  ignore line: []
  ignore line: [GGC heuristics: --param ggc-min-expand=100 --param ggc-min-heapsize=131072]
  ignore line: [Compiler executable checksum: ed08e92ff081897949a4f3ea2ed8eafa]
  ignore line: [COLLECT_GCC_OPTIONS='-Wextra' '-Wall' '-Wundef' '-Wpointer-arith' '-Werror' '-Wcast-qual' '-Wcast-align' '-Wno-missing-braces' '-Wtrampolines' '-Wunsafe-loop-optimizations' '-fopenmp' '-v' '-o' 'CMakeFiles/cmTC_ad8d1.dir/OpenMPTryFlag.c.o' '-c' '-mtune=generic' '-march=x86-64' '-pthread']
  ignore line: [ as -v --64 -o CMakeFiles/cmTC_ad8d1.dir/OpenMPTryFlag.c.o /tmp/ccek63dG.s]
  ignore line: [GNU assembler version 2.30 (x86_64-pc-linux-gnu) using BFD version (GNU Binutils) 2.30]
  ignore line: [COMPILER_PATH=/usr/lib/gcc/x86_64-pc-linux-gnu/7.3.1/:/usr/lib/gcc/x86_64-pc-linux-gnu/7.3.1/:/usr/lib/gcc/x86_64-pc-linux-gnu/:/usr/lib/gcc/x86_64-pc-linux-gnu/7.3.1/:/usr/lib/gcc/x86_64-pc-linux-gnu/]
  ignore line: [LIBRARY_PATH=/usr/lib/gcc/x86_64-pc-linux-gnu/7.3.1/:/usr/lib/gcc/x86_64-pc-linux-gnu/7.3.1/../../../../lib/:/lib/../lib/:/usr/lib/../lib/:/usr/lib/gcc/x86_64-pc-linux-gnu/7.3.1/../../../:/lib/:/usr/lib/]
  ignore line: [COLLECT_GCC_OPTIONS='-Wextra' '-Wall' '-Wundef' '-Wpointer-arith' '-Werror' '-Wcast-qual' '-Wcast-align' '-Wno-missing-braces' '-Wtrampolines' '-Wunsafe-loop-optimizations' '-fopenmp' '-v' '-o' 'CMakeFiles/cmTC_ad8d1.dir/OpenMPTryFlag.c.o' '-c' '-mtune=generic' '-march=x86-64' '-pthread']
  ignore line: [Linking C executable cmTC_ad8d1]
  ignore line: [/usr/bin/cmake -E cmake_link_script CMakeFiles/cmTC_ad8d1.dir/link.txt --verbose=1]
  ignore line: [/usr/bin/cc  -Wextra -Wall -Wundef -Wpointer-arith -Werror -Wcast-qual -Wcast-align -Wno-missing-braces -Wtrampolines -Wunsafe-loop-optimizations -fopenmp -v    -rdynamic CMakeFiles/cmTC_ad8d1.dir/OpenMPTryFlag.c.o  -o cmTC_ad8d1 -v ]
  ignore line: [Using built-in specs.]
  ignore line: [COLLECT_GCC=/usr/bin/cc]
  ignore line: [COLLECT_LTO_WRAPPER=/usr/lib/gcc/x86_64-pc-linux-gnu/7.3.1/lto-wrapper]
  ignore line: [Target: x86_64-pc-linux-gnu]
  ignore line: [Configured with: /build/gcc/src/gcc/configure --prefix=/usr --libdir=/usr/lib --libexecdir=/usr/lib --mandir=/usr/share/man --infodir=/usr/share/info --with-bugurl=https://bugs.archlinux.org/ --enable-languages=c,c++,ada,fortran,go,lto,objc,obj-c++ --enable-shared --enable-threads=posix --enable-libmpx --with-system-zlib --with-isl --enable-__cxa_atexit --disable-libunwind-exceptions --enable-clocale=gnu --disable-libstdcxx-pch --disable-libssp --enable-gnu-unique-object --enable-linker-build-id --enable-lto --enable-plugin --enable-install-libiberty --with-linker-hash-style=gnu --enable-gnu-indirect-function --enable-multilib --disable-werror --enable-checking=release --enable-default-pie --enable-default-ssp]
  ignore line: [Thread model: posix]
  ignore line: [gcc version 7.3.1 20180406 (GCC) ]
  ignore line: [COMPILER_PATH=/usr/lib/gcc/x86_64-pc-linux-gnu/7.3.1/:/usr/lib/gcc/x86_64-pc-linux-gnu/7.3.1/:/usr/lib/gcc/x86_64-pc-linux-gnu/:/usr/lib/gcc/x86_64-pc-linux-gnu/7.3.1/:/usr/lib/gcc/x86_64-pc-linux-gnu/]
  ignore line: [LIBRARY_PATH=/usr/lib/gcc/x86_64-pc-linux-gnu/7.3.1/:/usr/lib/gcc/x86_64-pc-linux-gnu/7.3.1/../../../../lib/:/lib/../lib/:/usr/lib/../lib/:/usr/lib/gcc/x86_64-pc-linux-gnu/7.3.1/../../../:/lib/:/usr/lib/]
  ignore line: [Reading specs from /usr/lib/gcc/x86_64-pc-linux-gnu/7.3.1/../../../../lib/libgomp.spec]
  ignore line: [COLLECT_GCC_OPTIONS='-Wextra' '-Wall' '-Wundef' '-Wpointer-arith' '-Werror' '-Wcast-qual' '-Wcast-align' '-Wno-missing-braces' '-Wtrampolines' '-Wunsafe-loop-optimizations' '-fopenmp' '-v' '-rdynamic' '-o' 'cmTC_ad8d1' '-v' '-mtune=generic' '-march=x86-64' '-pthread']
  link line: [ /usr/lib/gcc/x86_64-pc-linux-gnu/7.3.1/collect2 -plugin /usr/lib/gcc/x86_64-pc-linux-gnu/7.3.1/liblto_plugin.so -plugin-opt=/usr/lib/gcc/x86_64-pc-linux-gnu/7.3.1/lto-wrapper -plugin-opt=-fresolution=/tmp/ccle6pMH.res -plugin-opt=-pass-through=-lgcc -plugin-opt=-pass-through=-lgcc_s -plugin-opt=-pass-through=-lpthread -plugin-opt=-pass-through=-lc -plugin-opt=-pass-through=-lgcc -plugin-opt=-pass-through=-lgcc_s --build-id --eh-frame-hdr --hash-style=gnu -m elf_x86_64 -export-dynamic -dynamic-linker /lib64/ld-linux-x86-64.so.2 -pie -o cmTC_ad8d1 /usr/lib/gcc/x86_64-pc-linux-gnu/7.3.1/../../../../lib/Scrt1.o /usr/lib/gcc/x86_64-pc-linux-gnu/7.3.1/../../../../lib/crti.o /usr/lib/gcc/x86_64-pc-linux-gnu/7.3.1/crtbeginS.o -L/usr/lib/gcc/x86_64-pc-linux-gnu/7.3.1 -L/usr/lib/gcc/x86_64-pc-linux-gnu/7.3.1/../../../../lib -L/lib/../lib -L/usr/lib/../lib -L/usr/lib/gcc/x86_64-pc-linux-gnu/7.3.1/../../.. CMakeFiles/cmTC_ad8d1.dir/OpenMPTryFlag.c.o -lgomp -lgcc --as-needed -lgcc_s --no-as-needed -lpthread -lc -lgcc --as-needed -lgcc_s --no-as-needed /usr/lib/gcc/x86_64-pc-linux-gnu/7.3.1/crtendS.o /usr/lib/gcc/x86_64-pc-linux-gnu/7.3.1/../../../../lib/crtn.o]
    arg [/usr/lib/gcc/x86_64-pc-linux-gnu/7.3.1/collect2] ==> ignore
    arg [-plugin] ==> ignore
    arg [/usr/lib/gcc/x86_64-pc-linux-gnu/7.3.1/liblto_plugin.so] ==> ignore
    arg [-plugin-opt=/usr/lib/gcc/x86_64-pc-linux-gnu/7.3.1/lto-wrapper] ==> ignore
    arg [-plugin-opt=-fresolution=/tmp/ccle6pMH.res] ==> ignore
    arg [-plugin-opt=-pass-through=-lgcc] ==> ignore
    arg [-plugin-opt=-pass-through=-lgcc_s] ==> ignore
    arg [-plugin-opt=-pass-through=-lpthread] ==> ignore
    arg [-plugin-opt=-pass-through=-lc] ==> ignore
    arg [-plugin-opt=-pass-through=-lgcc] ==> ignore
    arg [-plugin-opt=-pass-through=-lgcc_s] ==> ignore
    arg [--build-id] ==> ignore
    arg [--eh-frame-hdr] ==> ignore
    arg [--hash-style=gnu] ==> ignore
    arg [-m] ==> ignore
    arg [elf_x86_64] ==> ignore
    arg [-export-dynamic] ==> ignore
    arg [-dynamic-linker] ==> ignore
    arg [/lib64/ld-linux-x86-64.so.2] ==> ignore
    arg [-pie] ==> ignore
    arg [-o] ==> ignore
    arg [cmTC_ad8d1] ==> ignore
    arg [/usr/lib/gcc/x86_64-pc-linux-gnu/7.3.1/../../../../lib/Scrt1.o] ==> ignore
    arg [/usr/lib/gcc/x86_64-pc-linux-gnu/7.3.1/../../../../lib/crti.o] ==> ignore
    arg [/usr/lib/gcc/x86_64-pc-linux-gnu/7.3.1/crtbeginS.o] ==> ignore
    arg [-L/usr/lib/gcc/x86_64-pc-linux-gnu/7.3.1] ==> dir [/usr/lib/gcc/x86_64-pc-linux-gnu/7.3.1]
    arg [-L/usr/lib/gcc/x86_64-pc-linux-gnu/7.3.1/../../../../lib] ==> dir [/usr/lib/gcc/x86_64-pc-linux-gnu/7.3.1/../../../../lib]
    arg [-L/lib/../lib] ==> dir [/lib/../lib]
    arg [-L/usr/lib/../lib] ==> dir [/usr/lib/../lib]
    arg [-L/usr/lib/gcc/x86_64-pc-linux-gnu/7.3.1/../../..] ==> dir [/usr/lib/gcc/x86_64-pc-linux-gnu/7.3.1/../../..]
    arg [CMakeFiles/cmTC_ad8d1.dir/OpenMPTryFlag.c.o] ==> ignore
    arg [-lgomp] ==> lib [gomp]
    arg [-lgcc] ==> lib [gcc]
    arg [--as-needed] ==> ignore
    arg [-lgcc_s] ==> lib [gcc_s]
    arg [--no-as-needed] ==> ignore
    arg [-lpthread] ==> lib [pthread]
    arg [-lc] ==> lib [c]
    arg [-lgcc] ==> lib [gcc]
    arg [--as-needed] ==> ignore
    arg [-lgcc_s] ==> lib [gcc_s]
    arg [--no-as-needed] ==> ignore
    arg [/usr/lib/gcc/x86_64-pc-linux-gnu/7.3.1/crtendS.o] ==> ignore
    arg [/usr/lib/gcc/x86_64-pc-linux-gnu/7.3.1/../../../../lib/crtn.o] ==> ignore
  collapse library dir [/usr/lib/gcc/x86_64-pc-linux-gnu/7.3.1] ==> [/usr/lib/gcc/x86_64-pc-linux-gnu/7.3.1]
  collapse library dir [/usr/lib/gcc/x86_64-pc-linux-gnu/7.3.1/../../../../lib] ==> [/usr/lib]
  collapse library dir [/lib/../lib] ==> [/lib]
  collapse library dir [/usr/lib/../lib] ==> [/usr/lib]
  collapse library dir [/usr/lib/gcc/x86_64-pc-linux-gnu/7.3.1/../../..] ==> [/usr/lib]
  implicit libs: [gomp;gcc;gcc_s;pthread;c;gcc;gcc_s]
  implicit dirs: [/usr/lib/gcc/x86_64-pc-linux-gnu/7.3.1;/usr/lib;/lib]
  implicit fwks: []


